<?xml version="1.0" encoding="UTF-8"?>
<testng-results ignored="0" total="2" passed="2" failed="0" skipped="0">
  <reporter-output>
  </reporter-output>
  <suite started-at="2021-01-23T16:18:00 UYT" name="Test.DemoTest" finished-at="2021-01-23T16:18:00 UYT" duration-ms="142">
    <groups>
    </groups>
    <test started-at="2021-01-23T16:18:00 UYT" name="Command line test" finished-at="2021-01-23T16:18:00 UYT" duration-ms="142">
      <class name="Test.DemoTest">
        <test-method is-config="true" signature="init()[pri:0, instance:Test.DemoTest@26a7b76d]" started-at="2021-01-23T16:17:53 UYT" name="init" finished-at="2021-01-23T16:18:00 UYT" duration-ms="7156" status="PASS">
          <reporter-output>
          </reporter-output>
        </test-method> <!-- init -->
        <test-method signature="search()[pri:0, instance:Test.DemoTest@26a7b76d]" started-at="2021-01-23T16:18:00 UYT" name="search" finished-at="2021-01-23T16:18:00 UYT" duration-ms="118" status="PASS">
          <reporter-output>
          </reporter-output>
        </test-method> <!-- search -->
        <test-method signature="validateTitle()[pri:0, instance:Test.DemoTest@26a7b76d]" started-at="2021-01-23T16:18:00 UYT" name="validateTitle" finished-at="2021-01-23T16:18:00 UYT" duration-ms="6" status="PASS">
          <reporter-output>
          </reporter-output>
        </test-method> <!-- validateTitle -->
      </class> <!-- Test.DemoTest -->
    </test> <!-- Command line test -->
  </suite> <!-- Test.DemoTest -->
</testng-results>
